0 info it worked if it ends with ok
1 verbose cli [ '/home/action/.nvm/v0.10.11/bin/node',
1 verbose cli   '/home/action/.nvm/v0.10.11/bin/npm',
1 verbose cli   'install',
1 verbose cli   '-g',
1 verbose cli   'locomotive' ]
2 info using npm@1.2.30
3 info using node@v0.10.11
4 verbose read json /home/action/.nvm/v0.10.11/lib/package.json
5 verbose read json /home/action/.nvm/v0.10.11/lib/package.json
6 verbose cache add [ 'locomotive', null ]
7 verbose cache add name=undefined spec="locomotive" args=["locomotive",null]
8 verbose parsed url { protocol: null,
8 verbose parsed url   slashes: null,
8 verbose parsed url   auth: null,
8 verbose parsed url   host: null,
8 verbose parsed url   port: null,
8 verbose parsed url   hostname: null,
8 verbose parsed url   hash: null,
8 verbose parsed url   search: null,
8 verbose parsed url   query: null,
8 verbose parsed url   pathname: 'locomotive',
8 verbose parsed url   path: 'locomotive',
8 verbose parsed url   href: 'locomotive' }
9 silly lockFile 46f4f343-locomotive locomotive
10 verbose lock locomotive /home/action/.npm/46f4f343-locomotive.lock
11 silly lockFile 46f4f343-locomotive locomotive
12 silly lockFile 46f4f343-locomotive locomotive
13 verbose addNamed [ 'locomotive', '' ]
14 verbose addNamed [ null, '' ]
15 silly lockFile 47a01c7c-locomotive locomotive@
16 verbose lock locomotive@ /home/action/.npm/47a01c7c-locomotive.lock
17 silly addNameRange { name: 'locomotive', range: '', hasData: false }
18 verbose url raw locomotive
19 verbose url resolving [ 'https://registry.npmjs.org/', './locomotive' ]
20 verbose url resolved https://registry.npmjs.org/locomotive
21 info trying registry request attempt 1 at 19:55:44
22 verbose etag "2O7VQHMC7ECF5ZB3KF5WBEA9X"
23 http GET https://registry.npmjs.org/locomotive
24 http 304 https://registry.npmjs.org/locomotive
25 silly registry.get cb [ 304,
25 silly registry.get   { date: 'Tue, 27 May 2014 19:55:44 GMT',
25 silly registry.get     server: 'Apache',
25 silly registry.get     via: '1.1 varnish',
25 silly registry.get     'last-modified': 'Tue, 27 May 2014 19:55:44 GMT',
25 silly registry.get     'cache-control': 'max-age=1',
25 silly registry.get     etag: '"2O7VQHMC7ECF5ZB3KF5WBEA9X"',
25 silly registry.get     'x-served-by': 'cache-jfk1031-JFK',
25 silly registry.get     'x-cache': 'MISS',
25 silly registry.get     'x-cache-hits': '0',
25 silly registry.get     'x-timer': 'S1401220544.647459,VS0,VE94',
25 silly registry.get     vary: 'Accept',
25 silly registry.get     'content-length': '0',
25 silly registry.get     'keep-alive': 'timeout=10, max=50',
25 silly registry.get     connection: 'Keep-Alive' } ]
26 verbose etag locomotive from cache
27 silly addNameRange number 2 { name: 'locomotive', range: '', hasData: true }
28 silly addNameRange versions [ 'locomotive',
28 silly addNameRange   [ '0.1.0',
28 silly addNameRange     '0.1.1',
28 silly addNameRange     '0.1.2',
28 silly addNameRange     '0.1.3',
28 silly addNameRange     '0.1.4',
28 silly addNameRange     '0.2.0',
28 silly addNameRange     '0.3.0',
28 silly addNameRange     '0.3.1',
28 silly addNameRange     '0.3.2',
28 silly addNameRange     '0.3.3',
28 silly addNameRange     '0.3.4',
28 silly addNameRange     '0.3.5',
28 silly addNameRange     '0.3.6',
28 silly addNameRange     '0.3.7',
28 silly addNameRange     '0.4.0',
28 silly addNameRange     '0.4.1',
28 silly addNameRange     '0.4.2' ] ]
29 verbose addNamed [ 'locomotive', '0.4.2' ]
30 verbose addNamed [ '0.4.2', '0.4.2' ]
31 silly lockFile e20eb216-locomotive-0-4-2 locomotive@0.4.2
32 verbose lock locomotive@0.4.2 /home/action/.npm/e20eb216-locomotive-0-4-2.lock
33 verbose read json /home/action/.npm/locomotive/0.4.2/package/package.json
34 silly lockFile e20eb216-locomotive-0-4-2 locomotive@0.4.2
35 silly lockFile e20eb216-locomotive-0-4-2 locomotive@0.4.2
36 silly lockFile 47a01c7c-locomotive locomotive@
37 silly lockFile 47a01c7c-locomotive locomotive@
38 silly resolved [ { name: 'locomotive',
38 silly resolved     version: '0.4.2',
38 silly resolved     description: 'Powerful MVC web framework for Node.js.',
38 silly resolved     keywords: [ 'express', 'connect', 'web', 'mvc', 'rails' ],
38 silly resolved     author:
38 silly resolved      { name: 'Jared Hanson',
38 silly resolved        email: 'jaredhanson@gmail.com',
38 silly resolved        url: 'http://www.jaredhanson.net/' },
38 silly resolved     homepage: 'http://locomotivejs.org/',
38 silly resolved     repository:
38 silly resolved      { type: 'git',
38 silly resolved        url: 'git://github.com/jaredhanson/locomotive.git' },
38 silly resolved     bugs: { url: 'http://github.com/jaredhanson/locomotive/issues' },
38 silly resolved     licenses: [ [Object] ],
38 silly resolved     bin: { lcm: './bin/lcm.js' },
38 silly resolved     main: './lib',
38 silly resolved     dependencies:
38 silly resolved      { pkginfo: '0.3.x',
38 silly resolved        commander: '2.x.x',
38 silly resolved        'co-prompt': '1.x.x',
38 silly resolved        express: '3.x.x',
38 silly resolved        actionrouter: '0.1.x',
38 silly resolved        bootable: '0.2.x',
38 silly resolved        'bootable-environment': '0.2.x',
38 silly resolved        mkdirp: '0.3.x',
38 silly resolved        scripts: '0.1.x',
38 silly resolved        'utils-flatten': '1.x.x',
38 silly resolved        'syntax-error': '0.0.1',
38 silly resolved        debug: '0.7.x' },
38 silly resolved     devDependencies:
38 silly resolved      { mocha: '1.x.x',
38 silly resolved        chai: '1.x.x',
38 silly resolved        'chai-connect-middleware': '0.3.x',
38 silly resolved        'chai-locomotive-helpers': '0.1.x',
38 silly resolved        promise: '4.x.x' },
38 silly resolved     engines: { node: '>= 0.6.0' },
38 silly resolved     scripts: { test: 'node_modules/.bin/mocha --reporter spec --require test/bootstrap/node test/*.test.js test/**/*.test.js test/helpers/**/*.test.js' },
38 silly resolved     readme: '# Locomotive\n\n[![Build](https://travis-ci.org/jaredhanson/locomotive.png)](https://travis-ci.org/jaredhanson/locomotive)\n[![Coverage](https://coveralls.io/repos/jaredhanson/locomotive/badge.png)](https://coveralls.io/r/jaredhanson/locomotive)\n[![Quality](https://codeclimate.com/github/jaredhanson/locomotive.png)](https://codeclimate.com/github/jaredhanson/locomotive)\n[![Dependencies](https://david-dm.org/jaredhanson/locomotive.png)](https://david-dm.org/jaredhanson/locomotive)\n[![Tips](http://img.shields.io/gittip/jaredhanson.png)](https://www.gittip.com/jaredhanson/)\n\n\n[http://locomotivejs.org](http://locomotivejs.org/)\n\nLocomotive is a framework that brings structure and MVC patterns to web\napplications using [Node](http://nodejs.org) and [Express](http://expressjs.com/).\n\n## Installation\n\n    $ npm install locomotive\n\n## Quick Start\n\n`lcm`, the command line interface to Locomotive, can be used to generate a\nstarter application.  To use it, install Locomotive globally.\n\n    $ npm install locomotive -g\n    \nNext, create an application and install dependencies.\n\n    $ lcm create hello\n    $ cd hello\n    $ npm install\n    \nStart the server.\n\n    $ lcm server\n\nThe application is available at [localhost:3000](http://localhost:3000).\n\nStart the server with node debug mode\n\n\t$ lcm server --debug (node --debug mode)\n\t$ lcm server --debug-brk (node --debug-brk mode)\n\nThen you can use debug tools like [node-inspector](https://github.com/dannycoates/node-inspector) to debug your application as usual.\n\n## Guide\n\nThe [Locomotive Guide](http://locomotivejs.org/guide/) is the official source\nfor documentation, and is a handy reference to have available when developing\nweb applications powered by Locomotive.\n\n## Datastore Adapters\n\n<table>\n  <thead>\n    <tr><th>Adapter</th><th>Description</th><th>Developer</th></tr>\n  </thead>\n  <tbody>\n    <tr><td><a href="https://github.com/jaredhanson/locomotive-mongoose">Mongoose</a></td><td>Mongoose ODM adapter.</td><td></td></tr>\n  </tbody>\n</table>\n\n## Tests\n\n    $ npm install\n    $ make test\n\n## Credits\n\n  - [Jared Hanson](http://github.com/jaredhanson)\n\n## License\n\n(The MIT License)\n\nCopyright (c) 2011 Jared Hanson\n\nPermission is hereby granted, free of charge, to any person obtaining a copy of\nthis software and associated documentation files (the "Software"), to deal in\nthe Software without restriction, including without limitation the rights to\nuse, copy, modify, merge, publish, distribute, sublicense, and/or sell copies of\nthe Software, and to permit persons to whom the Software is furnished to do so,\nsubject to the following conditions:\n\nThe above copyright notice and this permission notice shall be included in all\ncopies or substantial portions of the Software.\n\nTHE SOFTWARE IS PROVIDED "AS IS", WITHOUT WARRANTY OF ANY KIND, EXPRESS OR\nIMPLIED, INCLUDING BUT NOT LIMITED TO THE WARRANTIES OF MERCHANTABILITY, FITNESS\nFOR A PARTICULAR PURPOSE AND NONINFRINGEMENT. IN NO EVENT SHALL THE AUTHORS OR\nCOPYRIGHT HOLDERS BE LIABLE FOR ANY CLAIM, DAMAGES OR OTHER LIABILITY, WHETHER\nIN AN ACTION OF CONTRACT, TORT OR OTHERWISE, ARISING FROM, OUT OF OR IN\nCONNECTION WITH THE SOFTWARE OR THE USE OR OTHER DEALINGS IN THE SOFTWARE.\n',
38 silly resolved     readmeFilename: 'README.md',
38 silly resolved     _id: 'locomotive@0.4.2',
38 silly resolved     _from: 'locomotive@' } ]
39 info install locomotive@0.4.2 into /home/action/.nvm/v0.10.11/lib
40 info installOne locomotive@0.4.2
41 verbose from cache /home/action/.npm/locomotive/0.4.2/package/package.json
42 info /home/action/.nvm/v0.10.11/lib/node_modules/locomotive unbuild
43 verbose read json /home/action/.nvm/v0.10.11/lib/node_modules/locomotive/package.json
44 verbose tar unpack /home/action/.npm/locomotive/0.4.2/package.tgz
45 silly lockFile 5c583102-0-11-lib-node-modules-locomotive tar:///home/action/.nvm/v0.10.11/lib/node_modules/locomotive
46 verbose lock tar:///home/action/.nvm/v0.10.11/lib/node_modules/locomotive /home/action/.npm/5c583102-0-11-lib-node-modules-locomotive.lock
47 silly lockFile 23e43304-npm-locomotive-0-4-2-package-tgz tar:///home/action/.npm/locomotive/0.4.2/package.tgz
48 verbose lock tar:///home/action/.npm/locomotive/0.4.2/package.tgz /home/action/.npm/23e43304-npm-locomotive-0-4-2-package-tgz.lock
49 silly gunzTarPerm modes [ '755', '644' ]
50 silly gunzTarPerm extractEntry package.json
51 silly gunzTarPerm extractEntry README.md
52 silly gunzTarPerm extractEntry LICENSE
53 silly gunzTarPerm extractEntry bin/lcm.js
54 silly gunzTarPerm extractEntry lib/application.js
55 silly gunzTarPerm extractEntry lib/resolver.js
56 silly gunzTarPerm extractEntry lib/controller.js
57 silly gunzTarPerm extractEntry lib/instantiator.js
58 silly gunzTarPerm extractEntry lib/utils.js
59 silly gunzTarPerm extractEntry lib/index.js
60 silly gunzTarPerm extractEntry lib/errors/controllererror.js
61 silly gunzTarPerm extractEntry lib/errors/dispatcherror.js
62 silly gunzTarPerm extractEntry lib/helpers/index.js
63 silly gunzTarPerm extractEntry lib/helpers/tag.js
64 silly gunzTarPerm extractEntry lib/helpers/url.js
65 silly gunzTarPerm extractEntry lib/helpers/dynamic/index.js
66 silly gunzTarPerm extractEntry lib/helpers/dynamic/url.js
67 silly gunzTarPerm extractEntry lib/helpers/route/entry.js
68 silly gunzTarPerm extractEntry lib/helpers/route/pattern.js
69 silly gunzTarPerm extractEntry lib/boot/controllers.js
70 silly gunzTarPerm extractEntry lib/boot/datastores.js
71 silly gunzTarPerm extractEntry lib/boot/httpserver.js
72 silly gunzTarPerm extractEntry lib/boot/httpservercluster.js
73 silly gunzTarPerm extractEntry lib/boot/routes.js
74 silly gunzTarPerm extractEntry lib/boot/views.js
75 silly gunzTarPerm extractEntry lib/datastores/object.js
76 silly gunzTarPerm extractEntry lib/instantiators/constructor.js
77 silly gunzTarPerm extractEntry lib/instantiators/prototype.js
78 silly gunzTarPerm extractEntry lib/middleware/dispatch.js
79 silly gunzTarPerm extractEntry lib/middleware/invokable.js
80 silly gunzTarPerm extractEntry lib/cli/create.js
81 silly gunzTarPerm extractEntry lib/cli/index.js
82 silly gunzTarPerm extractEntry lib/cli/server.js
83 silly gunzTarPerm extractEntry lib/cli/server/debug.js
84 silly gunzTarPerm extractEntry lib/cli/server/watch.js
85 silly gunzTarPerm extractEntry lib/resolvers/any/snakecase.js
86 silly gunzTarPerm extractEntry lib/resolvers/node/controller.js
87 silly gunzTarPerm extractEntry lib/underlay/express.js
88 verbose read json /home/action/.nvm/v0.10.11/lib/node_modules/locomotive/package.json
89 silly lockFile 5c583102-0-11-lib-node-modules-locomotive tar:///home/action/.nvm/v0.10.11/lib/node_modules/locomotive
90 silly lockFile 5c583102-0-11-lib-node-modules-locomotive tar:///home/action/.nvm/v0.10.11/lib/node_modules/locomotive
91 silly lockFile 23e43304-npm-locomotive-0-4-2-package-tgz tar:///home/action/.npm/locomotive/0.4.2/package.tgz
92 silly lockFile 23e43304-npm-locomotive-0-4-2-package-tgz tar:///home/action/.npm/locomotive/0.4.2/package.tgz
93 info preinstall locomotive@0.4.2
94 verbose from cache /home/action/.nvm/v0.10.11/lib/node_modules/locomotive/package.json
95 verbose readDependencies using package.json deps
96 verbose from cache /home/action/.nvm/v0.10.11/lib/node_modules/locomotive/package.json
97 verbose readDependencies using package.json deps
98 verbose cache add [ 'pkginfo@0.3.x', null ]
99 verbose cache add name=undefined spec="pkginfo@0.3.x" args=["pkginfo@0.3.x",null]
100 verbose parsed url { protocol: null,
100 verbose parsed url   slashes: null,
100 verbose parsed url   auth: null,
100 verbose parsed url   host: null,
100 verbose parsed url   port: null,
100 verbose parsed url   hostname: null,
100 verbose parsed url   hash: null,
100 verbose parsed url   search: null,
100 verbose parsed url   query: null,
100 verbose parsed url   pathname: 'pkginfo@0.3.x',
100 verbose parsed url   path: 'pkginfo@0.3.x',
100 verbose parsed url   href: 'pkginfo@0.3.x' }
101 verbose cache add name="pkginfo" spec="0.3.x" args=["pkginfo","0.3.x"]
102 verbose parsed url { protocol: null,
102 verbose parsed url   slashes: null,
102 verbose parsed url   auth: null,
102 verbose parsed url   host: null,
102 verbose parsed url   port: null,
102 verbose parsed url   hostname: null,
102 verbose parsed url   hash: null,
102 verbose parsed url   search: null,
102 verbose parsed url   query: null,
102 verbose parsed url   pathname: '0.3.x',
102 verbose parsed url   path: '0.3.x',
102 verbose parsed url   href: '0.3.x' }
103 verbose addNamed [ 'pkginfo', '0.3.x' ]
104 verbose addNamed [ null, '>=0.3.0- <0.4.0-' ]
105 silly lockFile 8a96e45f-pkginfo-0-3-x pkginfo@0.3.x
106 verbose lock pkginfo@0.3.x /home/action/.npm/8a96e45f-pkginfo-0-3-x.lock
107 verbose cache add [ 'commander@2.x.x', null ]
108 verbose cache add name=undefined spec="commander@2.x.x" args=["commander@2.x.x",null]
109 verbose parsed url { protocol: null,
109 verbose parsed url   slashes: null,
109 verbose parsed url   auth: null,
109 verbose parsed url   host: null,
109 verbose parsed url   port: null,
109 verbose parsed url   hostname: null,
109 verbose parsed url   hash: null,
109 verbose parsed url   search: null,
109 verbose parsed url   query: null,
109 verbose parsed url   pathname: 'commander@2.x.x',
109 verbose parsed url   path: 'commander@2.x.x',
109 verbose parsed url   href: 'commander@2.x.x' }
110 verbose cache add name="commander" spec="2.x.x" args=["commander","2.x.x"]
111 verbose parsed url { protocol: null,
111 verbose parsed url   slashes: null,
111 verbose parsed url   auth: null,
111 verbose parsed url   host: null,
111 verbose parsed url   port: null,
111 verbose parsed url   hostname: null,
111 verbose parsed url   hash: null,
111 verbose parsed url   search: null,
111 verbose parsed url   query: null,
111 verbose parsed url   pathname: '2.x.x',
111 verbose parsed url   path: '2.x.x',
111 verbose parsed url   href: '2.x.x' }
112 verbose addNamed [ 'commander', '2.x.x' ]
113 verbose addNamed [ null, '>=2.0.0- <3.0.0-' ]
114 silly lockFile 2f509020-commander-2-x-x commander@2.x.x
115 verbose lock commander@2.x.x /home/action/.npm/2f509020-commander-2-x-x.lock
116 silly addNameRange { name: 'pkginfo', range: '>=0.3.0- <0.4.0-', hasData: false }
117 verbose cache add [ 'express@3.x.x', null ]
118 verbose cache add name=undefined spec="express@3.x.x" args=["express@3.x.x",null]
119 verbose parsed url { protocol: null,
119 verbose parsed url   slashes: null,
119 verbose parsed url   auth: null,
119 verbose parsed url   host: null,
119 verbose parsed url   port: null,
119 verbose parsed url   hostname: null,
119 verbose parsed url   hash: null,
119 verbose parsed url   search: null,
119 verbose parsed url   query: null,
119 verbose parsed url   pathname: 'express@3.x.x',
119 verbose parsed url   path: 'express@3.x.x',
119 verbose parsed url   href: 'express@3.x.x' }
120 verbose cache add name="express" spec="3.x.x" args=["express","3.x.x"]
121 verbose parsed url { protocol: null,
121 verbose parsed url   slashes: null,
121 verbose parsed url   auth: null,
121 verbose parsed url   host: null,
121 verbose parsed url   port: null,
121 verbose parsed url   hostname: null,
121 verbose parsed url   hash: null,
121 verbose parsed url   search: null,
121 verbose parsed url   query: null,
121 verbose parsed url   pathname: '3.x.x',
121 verbose parsed url   path: '3.x.x',
121 verbose parsed url   href: '3.x.x' }
122 verbose addNamed [ 'express', '3.x.x' ]
123 verbose addNamed [ null, '>=3.0.0- <4.0.0-' ]
124 silly lockFile d7f9c44a-express-3-x-x express@3.x.x
125 verbose lock express@3.x.x /home/action/.npm/d7f9c44a-express-3-x-x.lock
126 verbose cache add [ 'co-prompt@1.x.x', null ]
127 verbose cache add name=undefined spec="co-prompt@1.x.x" args=["co-prompt@1.x.x",null]
128 verbose parsed url { protocol: null,
128 verbose parsed url   slashes: null,
128 verbose parsed url   auth: null,
128 verbose parsed url   host: null,
128 verbose parsed url   port: null,
128 verbose parsed url   hostname: null,
128 verbose parsed url   hash: null,
128 verbose parsed url   search: null,
128 verbose parsed url   query: null,
128 verbose parsed url   pathname: 'co-prompt@1.x.x',
128 verbose parsed url   path: 'co-prompt@1.x.x',
128 verbose parsed url   href: 'co-prompt@1.x.x' }
129 verbose cache add name="co-prompt" spec="1.x.x" args=["co-prompt","1.x.x"]
130 verbose parsed url { protocol: null,
130 verbose parsed url   slashes: null,
130 verbose parsed url   auth: null,
130 verbose parsed url   host: null,
130 verbose parsed url   port: null,
130 verbose parsed url   hostname: null,
130 verbose parsed url   hash: null,
130 verbose parsed url   search: null,
130 verbose parsed url   query: null,
130 verbose parsed url   pathname: '1.x.x',
130 verbose parsed url   path: '1.x.x',
130 verbose parsed url   href: '1.x.x' }
131 verbose addNamed [ 'co-prompt', '1.x.x' ]
132 verbose addNamed [ null, '>=1.0.0- <2.0.0-' ]
133 silly lockFile 25cc8c01-co-prompt-1-x-x co-prompt@1.x.x
134 verbose lock co-prompt@1.x.x /home/action/.npm/25cc8c01-co-prompt-1-x-x.lock
135 verbose cache add [ 'actionrouter@0.1.x', null ]
136 verbose cache add name=undefined spec="actionrouter@0.1.x" args=["actionrouter@0.1.x",null]
137 verbose parsed url { protocol: null,
137 verbose parsed url   slashes: null,
137 verbose parsed url   auth: null,
137 verbose parsed url   host: null,
137 verbose parsed url   port: null,
137 verbose parsed url   hostname: null,
137 verbose parsed url   hash: null,
137 verbose parsed url   search: null,
137 verbose parsed url   query: null,
137 verbose parsed url   pathname: 'actionrouter@0.1.x',
137 verbose parsed url   path: 'actionrouter@0.1.x',
137 verbose parsed url   href: 'actionrouter@0.1.x' }
138 verbose cache add name="actionrouter" spec="0.1.x" args=["actionrouter","0.1.x"]
139 verbose parsed url { protocol: null,
139 verbose parsed url   slashes: null,
139 verbose parsed url   auth: null,
139 verbose parsed url   host: null,
139 verbose parsed url   port: null,
139 verbose parsed url   hostname: null,
139 verbose parsed url   hash: null,
139 verbose parsed url   search: null,
139 verbose parsed url   query: null,
139 verbose parsed url   pathname: '0.1.x',
139 verbose parsed url   path: '0.1.x',
139 verbose parsed url   href: '0.1.x' }
140 verbose addNamed [ 'actionrouter', '0.1.x' ]
141 verbose addNamed [ null, '>=0.1.0- <0.2.0-' ]
142 silly lockFile c158198c-actionrouter-0-1-x actionrouter@0.1.x
143 verbose lock actionrouter@0.1.x /home/action/.npm/c158198c-actionrouter-0-1-x.lock
144 silly addNameRange { name: 'commander', range: '>=2.0.0- <3.0.0-', hasData: false }
145 silly addNameRange { name: 'express', range: '>=3.0.0- <4.0.0-', hasData: false }
146 silly addNameRange { name: 'co-prompt', range: '>=1.0.0- <2.0.0-', hasData: false }
147 verbose cache add [ 'bootable@0.2.x', null ]
148 verbose cache add name=undefined spec="bootable@0.2.x" args=["bootable@0.2.x",null]
149 verbose parsed url { protocol: null,
149 verbose parsed url   slashes: null,
149 verbose parsed url   auth: null,
149 verbose parsed url   host: null,
149 verbose parsed url   port: null,
149 verbose parsed url   hostname: null,
149 verbose parsed url   hash: null,
149 verbose parsed url   search: null,
149 verbose parsed url   query: null,
149 verbose parsed url   pathname: 'bootable@0.2.x',
149 verbose parsed url   path: 'bootable@0.2.x',
149 verbose parsed url   href: 'bootable@0.2.x' }
150 verbose cache add name="bootable" spec="0.2.x" args=["bootable","0.2.x"]
151 verbose parsed url { protocol: null,
151 verbose parsed url   slashes: null,
151 verbose parsed url   auth: null,
151 verbose parsed url   host: null,
151 verbose parsed url   port: null,
151 verbose parsed url   hostname: null,
151 verbose parsed url   hash: null,
151 verbose parsed url   search: null,
151 verbose parsed url   query: null,
151 verbose parsed url   pathname: '0.2.x',
151 verbose parsed url   path: '0.2.x',
151 verbose parsed url   href: '0.2.x' }
152 verbose addNamed [ 'bootable', '0.2.x' ]
153 verbose addNamed [ null, '>=0.2.0- <0.3.0-' ]
154 silly lockFile c61628e7-bootable-0-2-x bootable@0.2.x
155 verbose lock bootable@0.2.x /home/action/.npm/c61628e7-bootable-0-2-x.lock
156 verbose cache add [ 'bootable-environment@0.2.x', null ]
157 verbose cache add name=undefined spec="bootable-environment@0.2.x" args=["bootable-environment@0.2.x",null]
158 verbose parsed url { protocol: null,
158 verbose parsed url   slashes: null,
158 verbose parsed url   auth: null,
158 verbose parsed url   host: null,
158 verbose parsed url   port: null,
158 verbose parsed url   hostname: null,
158 verbose parsed url   hash: null,
158 verbose parsed url   search: null,
158 verbose parsed url   query: null,
158 verbose parsed url   pathname: 'bootable-environment@0.2.x',
158 verbose parsed url   path: 'bootable-environment@0.2.x',
158 verbose parsed url   href: 'bootable-environment@0.2.x' }
159 verbose cache add name="bootable-environment" spec="0.2.x" args=["bootable-environment","0.2.x"]
160 verbose parsed url { protocol: null,
160 verbose parsed url   slashes: null,
160 verbose parsed url   auth: null,
160 verbose parsed url   host: null,
160 verbose parsed url   port: null,
160 verbose parsed url   hostname: null,
160 verbose parsed url   hash: null,
160 verbose parsed url   search: null,
160 verbose parsed url   query: null,
160 verbose parsed url   pathname: '0.2.x',
160 verbose parsed url   path: '0.2.x',
160 verbose parsed url   href: '0.2.x' }
161 verbose addNamed [ 'bootable-environment', '0.2.x' ]
162 verbose addNamed [ null, '>=0.2.0- <0.3.0-' ]
163 silly lockFile 5f417d16-bootable-environment-0-2-x bootable-environment@0.2.x
164 verbose lock bootable-environment@0.2.x /home/action/.npm/5f417d16-bootable-environment-0-2-x.lock
165 verbose cache add [ 'mkdirp@0.3.x', null ]
166 verbose cache add name=undefined spec="mkdirp@0.3.x" args=["mkdirp@0.3.x",null]
167 verbose parsed url { protocol: null,
167 verbose parsed url   slashes: null,
167 verbose parsed url   auth: null,
167 verbose parsed url   host: null,
167 verbose parsed url   port: null,
167 verbose parsed url   hostname: null,
167 verbose parsed url   hash: null,
167 verbose parsed url   search: null,
167 verbose parsed url   query: null,
167 verbose parsed url   pathname: 'mkdirp@0.3.x',
167 verbose parsed url   path: 'mkdirp@0.3.x',
167 verbose parsed url   href: 'mkdirp@0.3.x' }
168 verbose cache add name="mkdirp" spec="0.3.x" args=["mkdirp","0.3.x"]
169 verbose parsed url { protocol: null,
169 verbose parsed url   slashes: null,
169 verbose parsed url   auth: null,
169 verbose parsed url   host: null,
169 verbose parsed url   port: null,
169 verbose parsed url   hostname: null,
169 verbose parsed url   hash: null,
169 verbose parsed url   search: null,
169 verbose parsed url   query: null,
169 verbose parsed url   pathname: '0.3.x',
169 verbose parsed url   path: '0.3.x',
169 verbose parsed url   href: '0.3.x' }
170 verbose addNamed [ 'mkdirp', '0.3.x' ]
171 verbose addNamed [ null, '>=0.3.0- <0.4.0-' ]
172 silly lockFile 6d3723ce-mkdirp-0-3-x mkdirp@0.3.x
173 verbose lock mkdirp@0.3.x /home/action/.npm/6d3723ce-mkdirp-0-3-x.lock
174 silly addNameRange { name: 'actionrouter',
174 silly addNameRange   range: '>=0.1.0- <0.2.0-',
174 silly addNameRange   hasData: false }
175 verbose cache add [ 'scripts@0.1.x', null ]
176 verbose cache add name=undefined spec="scripts@0.1.x" args=["scripts@0.1.x",null]
177 verbose parsed url { protocol: null,
177 verbose parsed url   slashes: null,
177 verbose parsed url   auth: null,
177 verbose parsed url   host: null,
177 verbose parsed url   port: null,
177 verbose parsed url   hostname: null,
177 verbose parsed url   hash: null,
177 verbose parsed url   search: null,
177 verbose parsed url   query: null,
177 verbose parsed url   pathname: 'scripts@0.1.x',
177 verbose parsed url   path: 'scripts@0.1.x',
177 verbose parsed url   href: 'scripts@0.1.x' }
178 verbose cache add name="scripts" spec="0.1.x" args=["scripts","0.1.x"]
179 verbose parsed url { protocol: null,
179 verbose parsed url   slashes: null,
179 verbose parsed url   auth: null,
179 verbose parsed url   host: null,
179 verbose parsed url   port: null,
179 verbose parsed url   hostname: null,
179 verbose parsed url   hash: null,
179 verbose parsed url   search: null,
179 verbose parsed url   query: null,
179 verbose parsed url   pathname: '0.1.x',
179 verbose parsed url   path: '0.1.x',
179 verbose parsed url   href: '0.1.x' }
180 verbose addNamed [ 'scripts', '0.1.x' ]
181 verbose addNamed [ null, '>=0.1.0- <0.2.0-' ]
182 silly lockFile 5bad1f8e-scripts-0-1-x scripts@0.1.x
183 verbose lock scripts@0.1.x /home/action/.npm/5bad1f8e-scripts-0-1-x.lock
184 verbose cache add [ 'utils-flatten@1.x.x', null ]
185 verbose cache add name=undefined spec="utils-flatten@1.x.x" args=["utils-flatten@1.x.x",null]
186 verbose parsed url { protocol: null,
186 verbose parsed url   slashes: null,
186 verbose parsed url   auth: null,
186 verbose parsed url   host: null,
186 verbose parsed url   port: null,
186 verbose parsed url   hostname: null,
186 verbose parsed url   hash: null,
186 verbose parsed url   search: null,
186 verbose parsed url   query: null,
186 verbose parsed url   pathname: 'utils-flatten@1.x.x',
186 verbose parsed url   path: 'utils-flatten@1.x.x',
186 verbose parsed url   href: 'utils-flatten@1.x.x' }
187 verbose cache add name="utils-flatten" spec="1.x.x" args=["utils-flatten","1.x.x"]
188 verbose parsed url { protocol: null,
188 verbose parsed url   slashes: null,
188 verbose parsed url   auth: null,
188 verbose parsed url   host: null,
188 verbose parsed url   port: null,
188 verbose parsed url   hostname: null,
188 verbose parsed url   hash: null,
188 verbose parsed url   search: null,
188 verbose parsed url   query: null,
188 verbose parsed url   pathname: '1.x.x',
188 verbose parsed url   path: '1.x.x',
188 verbose parsed url   href: '1.x.x' }
189 verbose addNamed [ 'utils-flatten', '1.x.x' ]
190 verbose addNamed [ null, '>=1.0.0- <2.0.0-' ]
191 silly lockFile df311a2f-utils-flatten-1-x-x utils-flatten@1.x.x
192 verbose lock utils-flatten@1.x.x /home/action/.npm/df311a2f-utils-flatten-1-x-x.lock
193 verbose cache add [ 'syntax-error@0.0.1', null ]
194 verbose cache add name=undefined spec="syntax-error@0.0.1" args=["syntax-error@0.0.1",null]
195 verbose parsed url { protocol: null,
195 verbose parsed url   slashes: null,
195 verbose parsed url   auth: null,
195 verbose parsed url   host: null,
195 verbose parsed url   port: null,
195 verbose parsed url   hostname: null,
195 verbose parsed url   ha